<?xml version="1.0" encoding="UTF-8"?>
<!-- Generated by org.testng.reporters.JUnitReportReporter -->
<testsuite hostname="ASUSTUF" failures="0" tests="1" name="Assignment.validateFileUpload" time="0.884" errors="0" timestamp="2023-08-08T16:07:30 IST" skipped="0">
  <testcase classname="Assignment.validateFileUpload" name="testFileUpload" time="0.884"/>
  <system-out/>
</testsuite> <!-- Assignment.validateFileUpload -->
