<?xml version="1.0" encoding="UTF-8"?>
<!-- Generated by org.testng.reporters.JUnitReportReporter -->
<testsuite hostname="ASUSTUF" failures="0" tests="1" name="Assignment.ValidateRegistrationpage" time="6.465" errors="0" timestamp="2023-07-19T14:32:12 IST" skipped="0">
  <testcase classname="Assignment.ValidateRegistrationpage" name="validatingRegistration" time="6.465"/>
  <system-out/>
</testsuite> <!-- Assignment.ValidateRegistrationpage -->
