<?xml version="1.0" encoding="UTF-8"?>
<!-- Generated by org.testng.reporters.JUnitReportReporter -->
<testsuite hostname="ASUSTUF" failures="0" tests="1" name="Assignment.validateBrokenImages" time="3.962" errors="0" timestamp="2023-07-18T21:36:07 IST" skipped="0">
  <testcase classname="Assignment.validateBrokenImages" name="validatingImages" time="3.962"/>
  <system-out/>
</testsuite> <!-- Assignment.validateBrokenImages -->
