<?xml version="1.0" encoding="UTF-8"?>
<!-- Generated by org.testng.reporters.JUnitReportReporter -->
<testsuite hostname="ASUSTUF" failures="0" tests="1" name="Assignment.validateLogin" time="54.182" errors="0" timestamp="2023-08-09T07:34:49 IST" skipped="0">
  <testcase classname="Assignment.validateLogin" name="login" time="54.182"/>
  <system-out/>
</testsuite> <!-- Assignment.validateLogin -->
